<?xml version="1.0" encoding="UTF-8"?>
<testsuite xmlns:xsi="http://www.w3.org/2001/XMLSchema-instance" xsi:noNamespaceSchemaLocation="https://maven.apache.org/surefire/maven-surefire-plugin/xsd/surefire-test-report.xsd" name="TestSuite" time="3.207" tests="1" errors="0" skipped="1" failures="0">
  <properties>
[...]
</properties>
  <testcase name="signup" classname="com.qa.testscript.registration_test" time="0">
    <skipped message="&#10;Method signup requires 8 parameters but 0 were supplied in the @Test annotation."/>
  </testcase>
</testsuite>